Command line invocation:
    
/Applications/Xcode.app/Contents/Developer/usr/bin/xcodebuild build -project /Users/ignasdavulis/dev/clean-up-app/Garbegor/Garbegor.xcodeproj -scheme Garbegor -destination id=00006021-001428583443C01E -configuration Release -parallelizeTargets


User defaults from command line:
    IDEPackageSupportUseBuiltinSCM = YES


--- xcodebuild: WARNING: Using the first of multiple matching destinations:
{ platform:macOS, arch:arm64, id:00006021-001428583443C01E }
{ platform:macOS, arch:x86_64, id:00006021-001428583443C01E }

Prepare packages



ComputeTargetDependencyGraph

note: Building targets in dependency order

note: Target dependency graph (1 target)
    Target 'Garbegor' in project 'Garbegor' (no dependencies)



GatherProvisioningInputs



CreateBuildDescription



ClangStatCache /Applications/Xcode.app/Contents/Developer/Toolchains/XcodeDefault.xctoolchain/usr/bin/clang-stat-cache /Applications/Xcode.app/Contents/Developer/Platforms/MacOSX.platform/Developer/SDKs/MacOSX14.2.sdk /Users/ignasdavulis/Library/Developer/Xcode/DerivedData/SDKStatCaches.noindex/macosx14.2-23C53-df0db8920d7ae99241a1bc0f08d2dced.sdkstatcache
    cd /Users/ignasdavulis/dev/clean-up-app/Garbegor/Garbegor.xcodeproj
    /Applications/Xcode.app/Contents/Developer/Toolchains/XcodeDefault.xctoolchain/usr/bin/clang-stat-cache /Applications/Xcode.app/Contents/Developer/Platforms/MacOSX.platform/Developer/SDKs/MacOSX14.2.sdk -o /Users/ignasdavulis/Library/Developer/Xcode/DerivedData/SDKStatCaches.noindex/macosx14.2-23C53-df0db8920d7ae99241a1bc0f08d2dced.sdkstatcache



note: Removed stale file '/Users/ignasdavulis/Library/Developer/Xcode/DerivedData/Garbegor-hehfhbhuxyiixrftomrewimhbaai/Build/Products/Release/Garbegor.app/Contents/Frameworks'


ProcessProductPackaging /Users/ignasdavulis/dev/clean-up-app/Garbegor/Garbegor/Garbegor.entitlements /Users/ignasdavulis/Library/Developer/Xcode/DerivedData/Garbegor-hehfhbhuxyiixrftomrewimhbaai/Build/Intermediates.noindex/Garbegor.build/Release/Garbegor.build/Garbegor.app.xcent (in target 'Garbegor' from project 'Garbegor')
    cd /Users/ignasdavulis/dev/clean-up-app/Garbegor
    
    Entitlements:
    
    {
    "com.apple.security.app-sandbox" = 0;
    "com.apple.security.files.user-selected.read-only" = 1;
    "com.apple.security.get-task-allow" = 1;
}
    
    builtin-productPackagingUtility /Users/ignasdavulis/dev/clean-up-app/Garbegor/Garbegor/Garbegor.entitlements -entitlements -format xml -o /Users/ignasdavulis/Library/Developer/Xcode/DerivedData/Garbegor-hehfhbhuxyiixrftomrewimhbaai/Build/Intermediates.noindex/Garbegor.build/Release/Garbegor.build/Garbegor.app.xcent



ProcessInfoPlistFile /Users/ignasdavulis/Library/Developer/Xcode/DerivedData/Garbegor-hehfhbhuxyiixrftomrewimhbaai/Build/Products/Release/Garbegor.app/Contents/Info.plist /Users/ignasdavulis/Library/Developer/Xcode/DerivedData/Garbegor-hehfhbhuxyiixrftomrewimhbaai/Build/Intermediates.noindex/Garbegor.build/Release/Garbegor.build/empty-Garbegor.plist (in target 'Garbegor' from project 'Garbegor')
    cd /Users/ignasdavulis/dev/clean-up-app/Garbegor
    builtin-infoPlistUtility /Users/ignasdavulis/Library/Developer/Xcode/DerivedData/Garbegor-hehfhbhuxyiixrftomrewimhbaai/Build/Intermediates.noindex/Garbegor.build/Release/Garbegor.build/empty-Garbegor.plist -producttype com.apple.product-type.application -genpkginfo /Users/ignasdavulis/Library/Developer/Xcode/DerivedData/Garbegor-hehfhbhuxyiixrftomrewimhbaai/Build/Products/Release/Garbegor.app/Contents/PkgInfo -expandbuildsettings -platform macosx -additionalcontentfile /Users/ignasdavulis/Library/Developer/Xcode/DerivedData/Garbegor-hehfhbhuxyiixrftomrewimhbaai/Build/Intermediates.noindex/Garbegor.build/Release/Garbegor.build/assetcatalog_generated_info.plist -o /Users/ignasdavulis/Library/Developer/Xcode/DerivedData/Garbegor-hehfhbhuxyiixrftomrewimhbaai/Build/Products/Release/Garbegor.app/Contents/Info.plist



CopySwiftLibs /Users/ignasdavulis/Library/Developer/Xcode/DerivedData/Garbegor-hehfhbhuxyiixrftomrewimhbaai/Build/Products/Release/Garbegor.app (in target 'Garbegor' from project 'Garbegor')
    cd /Users/ignasdavulis/dev/clean-up-app/Garbegor
    builtin-swiftStdLibTool --copy --verbose --sign - --scan-executable /Users/ignasdavulis/Library/Developer/Xcode/DerivedData/Garbegor-hehfhbhuxyiixrftomrewimhbaai/Build/Products/Release/Garbegor.app/Contents/MacOS/Garbegor --scan-folder /Users/ignasdavulis/Library/Developer/Xcode/DerivedData/Garbegor-hehfhbhuxyiixrftomrewimhbaai/Build/Products/Release/Garbegor.app/Contents/Frameworks --scan-folder /Users/ignasdavulis/Library/Developer/Xcode/DerivedData/Garbegor-hehfhbhuxyiixrftomrewimhbaai/Build/Products/Release/Garbegor.app/Contents/PlugIns --scan-folder /Users/ignasdavulis/Library/Developer/Xcode/DerivedData/Garbegor-hehfhbhuxyiixrftomrewimhbaai/Build/Products/Release/Garbegor.app/Contents/Library/SystemExtensions --scan-folder /Users/ignasdavulis/Library/Developer/Xcode/DerivedData/Garbegor-hehfhbhuxyiixrftomrewimhbaai/Build/Products/Release/Garbegor.app/Contents/Extensions --platform macosx --toolchain /Applications/Xcode.app/Contents/Developer/Toolchains/XcodeDefault.xctoolchain --destination /Users/ignasdavulis/Library/Developer/Xcode/DerivedData/Garbegor-hehfhbhuxyiixrftomrewimhbaai/Build/Products/Release/Garbegor.app/Contents/Frameworks --strip-bitcode --strip-bitcode-tool /Applications/Xcode.app/Contents/Developer/Toolchains/XcodeDefault.xctoolchain/usr/bin/bitcode_strip --emit-dependency-info /Users/ignasdavulis/Library/Developer/Xcode/DerivedData/Garbegor-hehfhbhuxyiixrftomrewimhbaai/Build/Intermediates.noindex/Garbegor.build/Release/Garbegor.build/SwiftStdLibToolInputDependencies.dep --filter-for-swift-os



CodeSign /Users/ignasdavulis/Library/Developer/Xcode/DerivedData/Garbegor-hehfhbhuxyiixrftomrewimhbaai/Build/Products/Release/Garbegor.app (in target 'Garbegor' from project 'Garbegor')
    cd /Users/ignasdavulis/dev/clean-up-app/Garbegor
    
    Signing Identity:     "-"
    
    /usr/bin/codesign --force --sign - --entitlements /Users/ignasdavulis/Library/Developer/Xcode/DerivedData/Garbegor-hehfhbhuxyiixrftomrewimhbaai/Build/Intermediates.noindex/Garbegor.build/Release/Garbegor.build/Garbegor.app.xcent --timestamp\=none --generate-entitlement-der /Users/ignasdavulis/Library/Developer/Xcode/DerivedData/Garbegor-hehfhbhuxyiixrftomrewimhbaai/Build/Products/Release/Garbegor.app

/Users/ignasdavulis/Library/Developer/Xcode/DerivedData/Garbegor-hehfhbhuxyiixrftomrewimhbaai/Build/Products/Release/Garbegor.app: code object is not signed at all
In subcomponent: /Users/ignasdavulis/Library/Developer/Xcode/DerivedData/Garbegor-hehfhbhuxyiixrftomrewimhbaai/Build/Products/Release/Garbegor.app/Contents/PlugIns/GarbegorTests.xctest

Command CodeSign failed with a nonzero exit code



** BUILD FAILED **


The following build commands failed:

	CodeSign /Users/ignasdavulis/Library/Developer/Xcode/DerivedData/Garbegor-hehfhbhuxyiixrftomrewimhbaai/Build/Products/Release/Garbegor.app (in target 'Garbegor' from project 'Garbegor')
(1 failure)



